0 info it worked if it ends with ok
1 verbose cli [ 'node', '/usr/local/bin/npm', 'install', 'jshint', '-g' ]
2 info using npm@1.4.3
3 info using node@v0.10.26
4 verbose cache add [ 'jshint', null ]
5 verbose cache add name=undefined spec="jshint" args=["jshint",null]
6 verbose parsed url { protocol: null,
6 verbose parsed url   slashes: null,
6 verbose parsed url   auth: null,
6 verbose parsed url   host: null,
6 verbose parsed url   port: null,
6 verbose parsed url   hostname: null,
6 verbose parsed url   hash: null,
6 verbose parsed url   search: null,
6 verbose parsed url   query: null,
6 verbose parsed url   pathname: 'jshint',
6 verbose parsed url   path: 'jshint',
6 verbose parsed url   href: 'jshint' }
7 silly lockFile da5c03cb-jshint jshint
8 verbose lock jshint /Users/brookecasey/.npm/da5c03cb-jshint.lock
9 silly lockFile da5c03cb-jshint jshint
10 silly lockFile da5c03cb-jshint jshint
11 verbose addNamed [ 'jshint', '' ]
12 verbose addNamed [ null, '*' ]
13 silly lockFile a02a2468-jshint jshint@
14 verbose lock jshint@ /Users/brookecasey/.npm/a02a2468-jshint.lock
15 silly addNameRange { name: 'jshint', range: '*', hasData: false }
16 verbose url raw jshint
17 verbose url resolving [ 'https://registry.npmjs.org/', './jshint' ]
18 verbose url resolved https://registry.npmjs.org/jshint
19 info trying registry request attempt 1 at 10:05:31
20 verbose etag "DKM2Q6RKVIH1623K8A6BFFCTH"
21 http GET https://registry.npmjs.org/jshint
22 http 200 https://registry.npmjs.org/jshint
23 silly registry.get cb [ 200,
23 silly registry.get   { date: 'Thu, 29 May 2014 14:05:33 GMT',
23 silly registry.get     server: 'CouchDB/1.5.0 (Erlang OTP/R14B04)',
23 silly registry.get     etag: '"DMTRNZDLMOGQGYYA08GBIRNBC"',
23 silly registry.get     'content-type': 'application/json',
23 silly registry.get     via: '1.1 varnish',
23 silly registry.get     'cache-control': 'max-age=1',
23 silly registry.get     'content-length': '71942',
23 silly registry.get     'accept-ranges': 'bytes',
23 silly registry.get     age: '113',
23 silly registry.get     'x-served-by': 'cache-v42-ASH, cache-jfk1022-JFK',
23 silly registry.get     'x-cache': 'HIT, HIT',
23 silly registry.get     'x-cache-hits': '2, 1',
23 silly registry.get     'x-timer': 'S1401372333.388135,VS0,VE102',
23 silly registry.get     vary: 'Accept',
23 silly registry.get     'keep-alive': 'timeout=10, max=50',
23 silly registry.get     connection: 'Keep-Alive' } ]
24 silly addNameRange number 2 { name: 'jshint', range: '*', hasData: true }
25 silly addNameRange versions [ 'jshint',
25 silly addNameRange   [ '0.1.8',
25 silly addNameRange     '0.1.9',
25 silly addNameRange     '0.2.0',
25 silly addNameRange     '0.2.1',
25 silly addNameRange     '0.2.2',
25 silly addNameRange     '0.2.3',
25 silly addNameRange     '0.3.0',
25 silly addNameRange     '0.3.1',
25 silly addNameRange     '0.4.0',
25 silly addNameRange     '0.5.0',
25 silly addNameRange     '0.5.1',
25 silly addNameRange     '0.5.2',
25 silly addNameRange     '0.5.3',
25 silly addNameRange     '0.5.4',
25 silly addNameRange     '0.5.5',
25 silly addNameRange     '0.5.6',
25 silly addNameRange     '0.5.7',
25 silly addNameRange     '0.5.8',
25 silly addNameRange     '0.5.9',
25 silly addNameRange     '0.6.0',
25 silly addNameRange     '0.6.1',
25 silly addNameRange     '0.6.2',
25 silly addNameRange     '0.6.3',
25 silly addNameRange     '0.7.0',
25 silly addNameRange     '0.7.1',
25 silly addNameRange     '0.7.2',
25 silly addNameRange     '0.7.3',
25 silly addNameRange     '0.8.0',
25 silly addNameRange     '0.8.1',
25 silly addNameRange     '0.8.2',
25 silly addNameRange     '0.9.0',
25 silly addNameRange     '0.9.1',
25 silly addNameRange     '1.0.0',
25 silly addNameRange     '1.1.0',
25 silly addNameRange     '2.0.0',
25 silly addNameRange     '2.0.1',
25 silly addNameRange     '2.1.0',
25 silly addNameRange     '2.1.1',
25 silly addNameRange     '2.1.2',
25 silly addNameRange     '2.1.3',
25 silly addNameRange     '2.1.4',
25 silly addNameRange     '2.1.5',
25 silly addNameRange     '2.1.6',
25 silly addNameRange     '2.1.7',
25 silly addNameRange     '2.1.8',
25 silly addNameRange     '2.1.9',
25 silly addNameRange     '2.1.10',
25 silly addNameRange     '2.1.11',
25 silly addNameRange     '2.2.0',
25 silly addNameRange     '2.3.0',
25 silly addNameRange     '2.4.0',
25 silly addNameRange     '2.4.1',
25 silly addNameRange     '2.4.2',
25 silly addNameRange     '2.4.3',
25 silly addNameRange     '2.4.4',
25 silly addNameRange     '2.5.0',
25 silly addNameRange     '2.5.1' ] ]
26 verbose addNamed [ 'jshint', '2.5.1' ]
27 verbose addNamed [ '2.5.1', '2.5.1' ]
28 silly lockFile f2bb41eb-jshint-2-5-1 jshint@2.5.1
29 verbose lock jshint@2.5.1 /Users/brookecasey/.npm/f2bb41eb-jshint-2-5-1.lock
30 silly lockFile d470ee51-pmjs-org-jshint-jshint-2-5-1-tgz https://registry.npmjs.org/jshint/-/jshint-2.5.1.tgz
31 verbose lock https://registry.npmjs.org/jshint/-/jshint-2.5.1.tgz /Users/brookecasey/.npm/d470ee51-pmjs-org-jshint-jshint-2-5-1-tgz.lock
32 verbose addRemoteTarball [ 'https://registry.npmjs.org/jshint/-/jshint-2.5.1.tgz',
32 verbose addRemoteTarball   '8e96d27377806767d40f16676fbec113d33520ec' ]
33 info retry fetch attempt 1 at 10:05:33
34 verbose fetch to= /var/folders/bp/nkbgmnvs3xb8qz5qg94ddmdh0000gn/T/npm-5576-zMNLO1nc/1401372333296-0.4539939935784787/tmp.tgz
35 http GET https://registry.npmjs.org/jshint/-/jshint-2.5.1.tgz
36 http 200 https://registry.npmjs.org/jshint/-/jshint-2.5.1.tgz
37 verbose tar unpack /var/folders/bp/nkbgmnvs3xb8qz5qg94ddmdh0000gn/T/npm-5576-zMNLO1nc/1401372333296-0.4539939935784787/tmp.tgz
38 silly lockFile 94507c5b-33296-0-4539939935784787-package tar:///var/folders/bp/nkbgmnvs3xb8qz5qg94ddmdh0000gn/T/npm-5576-zMNLO1nc/1401372333296-0.4539939935784787/package
39 verbose lock tar:///var/folders/bp/nkbgmnvs3xb8qz5qg94ddmdh0000gn/T/npm-5576-zMNLO1nc/1401372333296-0.4539939935784787/package /Users/brookecasey/.npm/94507c5b-33296-0-4539939935784787-package.lock
40 silly lockFile eb195442-33296-0-4539939935784787-tmp-tgz tar:///var/folders/bp/nkbgmnvs3xb8qz5qg94ddmdh0000gn/T/npm-5576-zMNLO1nc/1401372333296-0.4539939935784787/tmp.tgz
41 verbose lock tar:///var/folders/bp/nkbgmnvs3xb8qz5qg94ddmdh0000gn/T/npm-5576-zMNLO1nc/1401372333296-0.4539939935784787/tmp.tgz /Users/brookecasey/.npm/eb195442-33296-0-4539939935784787-tmp-tgz.lock
42 silly gunzTarPerm modes [ '755', '644' ]
43 silly gunzTarPerm extractEntry package.json
44 silly gunzTarPerm extractEntry README.md
45 silly gunzTarPerm extractEntry bin/apply
46 silly gunzTarPerm extractEntry bin/build
47 silly gunzTarPerm extractEntry bin/changelog
48 silly gunzTarPerm extractEntry bin/jshint
49 silly gunzTarPerm extractEntry bin/land
50 silly gunzTarPerm extractEntry data/ascii-identifier-data.js
51 silly gunzTarPerm extractEntry data/non-ascii-identifier-part-only.js
52 silly gunzTarPerm extractEntry data/non-ascii-identifier-start.js
53 silly gunzTarPerm extractEntry dist/jshint-rhino.js
54 silly gunzTarPerm extractEntry dist/jshint.js
55 silly gunzTarPerm extractEntry src/cli.js
56 silly gunzTarPerm extractEntry src/jshint.js
57 silly gunzTarPerm extractEntry src/lex.js
58 silly gunzTarPerm extractEntry src/messages.js
59 silly gunzTarPerm extractEntry src/reg.js
60 silly gunzTarPerm extractEntry src/state.js
61 silly gunzTarPerm extractEntry src/style.js
62 silly gunzTarPerm extractEntry src/vars.js
63 silly gunzTarPerm extractEntry src/platforms/rhino.js
64 silly gunzTarPerm extractEntry src/reporters/checkstyle.js
65 silly gunzTarPerm extractEntry src/reporters/default.js
66 silly gunzTarPerm extractEntry src/reporters/jslint_xml.js
67 silly gunzTarPerm extractEntry src/reporters/non_error.js
68 silly lockFile 94507c5b-33296-0-4539939935784787-package tar:///var/folders/bp/nkbgmnvs3xb8qz5qg94ddmdh0000gn/T/npm-5576-zMNLO1nc/1401372333296-0.4539939935784787/package
69 silly lockFile 94507c5b-33296-0-4539939935784787-package tar:///var/folders/bp/nkbgmnvs3xb8qz5qg94ddmdh0000gn/T/npm-5576-zMNLO1nc/1401372333296-0.4539939935784787/package
70 silly lockFile eb195442-33296-0-4539939935784787-tmp-tgz tar:///var/folders/bp/nkbgmnvs3xb8qz5qg94ddmdh0000gn/T/npm-5576-zMNLO1nc/1401372333296-0.4539939935784787/tmp.tgz
71 silly lockFile eb195442-33296-0-4539939935784787-tmp-tgz tar:///var/folders/bp/nkbgmnvs3xb8qz5qg94ddmdh0000gn/T/npm-5576-zMNLO1nc/1401372333296-0.4539939935784787/tmp.tgz
72 verbose tar pack [ '/Users/brookecasey/.npm/jshint/2.5.1/package.tgz',
72 verbose tar pack   '/var/folders/bp/nkbgmnvs3xb8qz5qg94ddmdh0000gn/T/npm-5576-zMNLO1nc/1401372333296-0.4539939935784787/package' ]
73 verbose tarball /Users/brookecasey/.npm/jshint/2.5.1/package.tgz
74 verbose folder /var/folders/bp/nkbgmnvs3xb8qz5qg94ddmdh0000gn/T/npm-5576-zMNLO1nc/1401372333296-0.4539939935784787/package
75 silly lockFile 94507c5b-33296-0-4539939935784787-package tar:///var/folders/bp/nkbgmnvs3xb8qz5qg94ddmdh0000gn/T/npm-5576-zMNLO1nc/1401372333296-0.4539939935784787/package
76 verbose lock tar:///var/folders/bp/nkbgmnvs3xb8qz5qg94ddmdh0000gn/T/npm-5576-zMNLO1nc/1401372333296-0.4539939935784787/package /Users/brookecasey/.npm/94507c5b-33296-0-4539939935784787-package.lock
77 silly lockFile 84ab7306-sey-npm-jshint-2-5-1-package-tgz tar:///Users/brookecasey/.npm/jshint/2.5.1/package.tgz
78 verbose lock tar:///Users/brookecasey/.npm/jshint/2.5.1/package.tgz /Users/brookecasey/.npm/84ab7306-sey-npm-jshint-2-5-1-package-tgz.lock
79 silly lockFile 94507c5b-33296-0-4539939935784787-package tar:///var/folders/bp/nkbgmnvs3xb8qz5qg94ddmdh0000gn/T/npm-5576-zMNLO1nc/1401372333296-0.4539939935784787/package
80 silly lockFile 94507c5b-33296-0-4539939935784787-package tar:///var/folders/bp/nkbgmnvs3xb8qz5qg94ddmdh0000gn/T/npm-5576-zMNLO1nc/1401372333296-0.4539939935784787/package
81 silly lockFile 84ab7306-sey-npm-jshint-2-5-1-package-tgz tar:///Users/brookecasey/.npm/jshint/2.5.1/package.tgz
82 silly lockFile 84ab7306-sey-npm-jshint-2-5-1-package-tgz tar:///Users/brookecasey/.npm/jshint/2.5.1/package.tgz
83 silly lockFile 3079cc70-kecasey-npm-jshint-2-5-1-package /Users/brookecasey/.npm/jshint/2.5.1/package
84 verbose lock /Users/brookecasey/.npm/jshint/2.5.1/package /Users/brookecasey/.npm/3079cc70-kecasey-npm-jshint-2-5-1-package.lock
85 silly lockFile 3079cc70-kecasey-npm-jshint-2-5-1-package /Users/brookecasey/.npm/jshint/2.5.1/package
86 silly lockFile 3079cc70-kecasey-npm-jshint-2-5-1-package /Users/brookecasey/.npm/jshint/2.5.1/package
87 verbose tar unpack /Users/brookecasey/.npm/jshint/2.5.1/package.tgz
88 silly lockFile dd9bd8c4-kecasey-npm-jshint-2-5-1-package tar:///Users/brookecasey/.npm/jshint/2.5.1/package
89 verbose lock tar:///Users/brookecasey/.npm/jshint/2.5.1/package /Users/brookecasey/.npm/dd9bd8c4-kecasey-npm-jshint-2-5-1-package.lock
90 silly lockFile 84ab7306-sey-npm-jshint-2-5-1-package-tgz tar:///Users/brookecasey/.npm/jshint/2.5.1/package.tgz
91 verbose lock tar:///Users/brookecasey/.npm/jshint/2.5.1/package.tgz /Users/brookecasey/.npm/84ab7306-sey-npm-jshint-2-5-1-package-tgz.lock
92 silly gunzTarPerm modes [ '755', '644' ]
93 silly gunzTarPerm extractEntry package.json
94 silly gunzTarPerm extractEntry README.md
95 silly gunzTarPerm extractEntry bin/apply
96 silly gunzTarPerm extractEntry bin/build
97 silly gunzTarPerm extractEntry bin/changelog
98 silly gunzTarPerm extractEntry bin/jshint
99 silly gunzTarPerm extractEntry bin/land
100 silly gunzTarPerm extractEntry data/ascii-identifier-data.js
101 silly gunzTarPerm extractEntry data/non-ascii-identifier-part-only.js
102 silly gunzTarPerm extractEntry data/non-ascii-identifier-start.js
103 silly gunzTarPerm extractEntry dist/jshint-rhino.js
104 silly gunzTarPerm extractEntry dist/jshint.js
105 silly gunzTarPerm extractEntry src/cli.js
106 silly gunzTarPerm extractEntry src/jshint.js
107 silly gunzTarPerm extractEntry src/lex.js
108 silly gunzTarPerm extractEntry src/messages.js
109 silly gunzTarPerm extractEntry src/reg.js
110 silly gunzTarPerm extractEntry src/state.js
111 silly gunzTarPerm extractEntry src/style.js
112 silly gunzTarPerm extractEntry src/vars.js
113 silly gunzTarPerm extractEntry src/platforms/rhino.js
114 silly gunzTarPerm extractEntry src/reporters/checkstyle.js
115 silly gunzTarPerm extractEntry src/reporters/default.js
116 silly gunzTarPerm extractEntry src/reporters/jslint_xml.js
117 silly gunzTarPerm extractEntry src/reporters/non_error.js
118 silly lockFile dd9bd8c4-kecasey-npm-jshint-2-5-1-package tar:///Users/brookecasey/.npm/jshint/2.5.1/package
119 silly lockFile dd9bd8c4-kecasey-npm-jshint-2-5-1-package tar:///Users/brookecasey/.npm/jshint/2.5.1/package
120 silly lockFile 84ab7306-sey-npm-jshint-2-5-1-package-tgz tar:///Users/brookecasey/.npm/jshint/2.5.1/package.tgz
121 silly lockFile 84ab7306-sey-npm-jshint-2-5-1-package-tgz tar:///Users/brookecasey/.npm/jshint/2.5.1/package.tgz
122 verbose chmod /Users/brookecasey/.npm/jshint/2.5.1/package.tgz 644
123 verbose chown /Users/brookecasey/.npm/jshint/2.5.1/package.tgz [ 501, 20 ]
124 silly lockFile d470ee51-pmjs-org-jshint-jshint-2-5-1-tgz https://registry.npmjs.org/jshint/-/jshint-2.5.1.tgz
125 silly lockFile d470ee51-pmjs-org-jshint-jshint-2-5-1-tgz https://registry.npmjs.org/jshint/-/jshint-2.5.1.tgz
126 silly lockFile f2bb41eb-jshint-2-5-1 jshint@2.5.1
127 silly lockFile f2bb41eb-jshint-2-5-1 jshint@2.5.1
128 silly lockFile a02a2468-jshint jshint@
129 silly lockFile a02a2468-jshint jshint@
130 silly resolved [ { name: 'jshint',
130 silly resolved     version: '2.5.1',
130 silly resolved     homepage: 'http://jshint.com/',
130 silly resolved     description: 'Static analysis tool for JavaScript',
130 silly resolved     author:
130 silly resolved      { name: 'Anton Kovalyov',
130 silly resolved        email: 'anton@kovalyov.net',
130 silly resolved        url: 'http://anton.kovalyov.net/' },
130 silly resolved     repository: { type: 'git', url: 'https://github.com/jshint/jshint.git' },
130 silly resolved     bugs: { url: 'https://github.com/jshint/jshint/issues' },
130 silly resolved     bin: { jshint: './bin/jshint' },
130 silly resolved     scripts:
130 silly resolved      { data: 'node scripts/generate-identifier-data',
130 silly resolved        build: 'node bin/build',
130 silly resolved        test: 'nodeunit tests tests/regression tests/unit',
130 silly resolved        pretest: 'jshint src' },
130 silly resolved     main: './src/jshint.js',
130 silly resolved     dependencies:
130 silly resolved      { shelljs: '0.3.x',
130 silly resolved        underscore: '1.6.x',
130 silly resolved        cli: '0.6.x',
130 silly resolved        minimatch: '0.x.x',
130 silly resolved        htmlparser2: '3.7.x',
130 silly resolved        'console-browserify': '1.1.x',
130 silly resolved        exit: '0.1.x',
130 silly resolved        'strip-json-comments': '0.1.x' },
130 silly resolved     devDependencies:
130 silly resolved      { jshint: '2.5.x',
130 silly resolved        browserify: '4.x',
130 silly resolved        coveraje: '0.2.x',
130 silly resolved        nodeunit: '0.9.x',
130 silly resolved        sinon: '1.9.x',
130 silly resolved        'unicode-6.3.0': '0.1.x',
130 silly resolved        regenerate: '0.6.x' },
130 silly resolved     licenses: [ [Object] ],
130 silly resolved     preferGlobal: true,
130 silly resolved     files: [ 'bin', 'src', 'data', 'dist' ],
130 silly resolved     readme: 'JSHint, A Static Code Analysis Tool for JavaScript\n--------------------------------------------------\n\n\\[ [Use it online](http://jshint.com/) •  [About](http://jshint.com/about/) •\n[Docs](http://jshint.com/docs/) • [FAQ](http://jshint.com/docs/faq) •\n[Install](http://jshint.com/install/) • [Hack](http://jshint.com/hack/) •\n[Blog](http://jshint.com/blog/) • [Twitter](https://twitter.com/jshint/) \\]\n\n[![Build Status](https://travis-ci.org/jshint/jshint.svg?branch=master)](https://travis-ci.org/jshint/jshint)\n[![NPM version](https://badge.fury.io/js/jshint.svg)](http://badge.fury.io/js/jshint)\n\nJSHint is a community-driven tool to detect errors and potential problems\nin JavaScript code. It is very flexible so you can easily adjust it to your\nparticular coding guidelines and the environment you expect your code to\nexecute in.\n\n#### Reporting a bug\n\nTo report a bug simply create a\n[new GitHub Issue](https://github.com/jshint/jshint/issues/new) and describe\nyour problem or suggestion. We welcome all kind of feedback regarding\nJSHint including but not limited to:\n\n * When JSHint doesn\'t work as expected\n * When JSHint complains about valid JavaScript code that works in all browsers\n * When you simply want a new option or feature\n\nBefore reporting a bug look around to see if there are any open or closed tickets\nthat cover your issue. And remember the wisdom: pull request > bug report > tweet.\n\n#### Issue Priority\n\n- *P1:* Something is throwing exceptions; broken JSHint backward compatibility.\n- *P2:* Something is not being parsed correctly.\n- *P3:* Features that the core team will work on once P2s and P1s are done.\n- *P4:* Patches welcome; The request is good, but low priority.\n\n\n#### License\n\nJSHint is distributed under the MIT License. One file and one file only\n(src/stable/jshint.js) is distributed under the slightly modified MIT License.\n\n\n#### Thank you!\n\nWe really appreciate all kind of feedback and contributions. Thanks for using and supporting JSHint!\n',
130 silly resolved     readmeFilename: 'README.md',
130 silly resolved     _id: 'jshint@2.5.1',
130 silly resolved     dist: { shasum: '1a6c5559a8ca1afcc33451a0f1edacc88e610f2a' },
130 silly resolved     _from: 'jshint@',
130 silly resolved     _resolved: 'https://registry.npmjs.org/jshint/-/jshint-2.5.1.tgz' } ]
131 info install jshint@2.5.1 into /usr/local/lib
132 info installOne jshint@2.5.1
133 info /usr/local/lib/node_modules/jshint unbuild
134 verbose tar unpack /Users/brookecasey/.npm/jshint/2.5.1/package.tgz
135 silly lockFile 59dfcd45-sr-local-lib-node-modules-jshint tar:///usr/local/lib/node_modules/jshint
136 verbose lock tar:///usr/local/lib/node_modules/jshint /Users/brookecasey/.npm/59dfcd45-sr-local-lib-node-modules-jshint.lock
137 silly lockFile 84ab7306-sey-npm-jshint-2-5-1-package-tgz tar:///Users/brookecasey/.npm/jshint/2.5.1/package.tgz
138 verbose lock tar:///Users/brookecasey/.npm/jshint/2.5.1/package.tgz /Users/brookecasey/.npm/84ab7306-sey-npm-jshint-2-5-1-package-tgz.lock
139 silly gunzTarPerm modes [ '755', '644' ]
140 error Error: EACCES, mkdir '/usr/local/lib/node_modules/jshint'
140 error  { [Error: EACCES, mkdir '/usr/local/lib/node_modules/jshint']
140 error   errno: 3,
140 error   code: 'EACCES',
140 error   path: '/usr/local/lib/node_modules/jshint',
140 error   fstream_type: 'Directory',
140 error   fstream_path: '/usr/local/lib/node_modules/jshint',
140 error   fstream_class: 'DirWriter',
140 error   fstream_stack:
140 error    [ '/usr/local/lib/node_modules/npm/node_modules/fstream/lib/dir-writer.js:36:23',
140 error      '/usr/local/lib/node_modules/npm/node_modules/mkdirp/index.js:37:53',
140 error      'Object.oncomplete (fs.js:107:15)' ] }
141 error Please try running this command again as root/Administrator.
142 error System Darwin 13.1.0
143 error command "node" "/usr/local/bin/npm" "install" "jshint" "-g"
144 error cwd /Users/brookecasey/Documents/reposits/learnNode
145 error node -v v0.10.26
146 error npm -v 1.4.3
147 error path /usr/local/lib/node_modules/jshint
148 error fstream_path /usr/local/lib/node_modules/jshint
149 error fstream_type Directory
150 error fstream_class DirWriter
151 error code EACCES
152 error errno 3
153 error stack Error: EACCES, mkdir '/usr/local/lib/node_modules/jshint'
154 error fstream_stack /usr/local/lib/node_modules/npm/node_modules/fstream/lib/dir-writer.js:36:23
154 error fstream_stack /usr/local/lib/node_modules/npm/node_modules/mkdirp/index.js:37:53
154 error fstream_stack Object.oncomplete (fs.js:107:15)
155 verbose exit [ 3, true ]
